<?xml version="1.0" encoding="UTF-8"?>
<!-- Generated by org.testng.reporters.JUnitReportReporter -->
<testsuite skipped="0" hostname="AhamedAariz" name="testCases.TC_003_LoginDataDrivenTest" tests="3" failures="0" timestamp="2023-05-08T14:20:20 IST" time="24.573" errors="0">
  <testcase name="test_LoginDDT" time="10.853" classname="testCases.TC_003_LoginDataDrivenTest"/>
  <system-out/>
  <testcase name="test_LoginDDT" time="11.877" classname="testCases.TC_003_LoginDataDrivenTest"/>
  <system-out/>
  <testcase name="test_LoginDDT" time="1.843" classname="testCases.TC_003_LoginDataDrivenTest"/>
  <system-out/>
</testsuite> <!-- testCases.TC_003_LoginDataDrivenTest -->
