<?xml version="1.0" encoding="UTF-8"?>
<!-- Generated by org.testng.reporters.JUnitReportReporter -->
<testsuite skipped="0" hostname="AhamedAariz" name="testCases.TC_001_AccountRegistrationTest" tests="1" failures="0" timestamp="2023-05-08T15:31:24 IST" time="7.656" errors="0">
  <testcase name="test_account_Registration" time="7.656" classname="testCases.TC_001_AccountRegistrationTest"/>
  <system-out/>
</testsuite> <!-- testCases.TC_001_AccountRegistrationTest -->
