<?xml version="1.0" encoding="UTF-8"?>
<!-- Generated by org.testng.reporters.JUnitReportReporter -->
<testsuite skipped="0" hostname="AhamedAariz" name="testCases.TC_002_LoginTest" tests="1" failures="0" timestamp="2023-05-08T15:31:24 IST" time="2.646" errors="0">
  <testcase name="test_login" time="2.646" classname="testCases.TC_002_LoginTest"/>
  <system-out/>
</testsuite> <!-- testCases.TC_002_LoginTest -->
