<?xml version="1.0" encoding="UTF-8"?>
<!-- Generated by org.testng.reporters.JUnitReportReporter -->
<testsuite hostname="AhamedAariz" failures="0" tests="1" name="testCases.TC_002_LoginTest" time="1.220" errors="0" timestamp="2023-05-08T20:00:16 IST" skipped="0">
  <testcase classname="testCases.TC_002_LoginTest" name="test_login" time="1.220"/>
  <system-out/>
</testsuite> <!-- testCases.TC_002_LoginTest -->
